<?xml version="1.0" encoding="UTF-8"?>
<!-- Generated by org.testng.reporters.JUnitReportReporter -->
<testsuite skipped="0" hostname="LAPTOP-9VARVRGA" name="democodes.Forgetpasswordpage_Test" tests="2" failures="0" timestamp="2021-07-31T23:42:18 IST" time="20.343" errors="0">
  <testcase name="verify_Forgetpassword_Test" time="11.603" classname="democodes.Forgetpasswordpage_Test"/>
  <system-out/>
  <testcase name="verify_cancel" time="8.740" classname="democodes.Forgetpasswordpage_Test"/>
  <system-out/>
</testsuite> <!-- democodes.Forgetpasswordpage_Test -->
