<?xml version="1.0" encoding="UTF-8"?>
<!-- Generated by org.testng.reporters.JUnitReportReporter -->
<testsuite skipped="0" hostname="LAPTOP-9VARVRGA" name="democodes.Login_page_Testcase" tests="3" failures="0" timestamp="2021-07-28T00:37:00 IST" time="31.189" errors="0">
  <testcase name="Verify_login" time="10.990" classname="democodes.Login_page_Testcase"/>
  <system-out/>
  <testcase name="verify_Title" time="11.590" classname="democodes.Login_page_Testcase"/>
  <system-out/>
  <testcase name="verify_forgetpassword_link" time="8.609" classname="democodes.Login_page_Testcase"/>
  <system-out/>
</testsuite> <!-- democodes.Login_page_Testcase -->
