<?xml version="1.0" encoding="UTF-8"?>
<!-- Generated by org.testng.reporters.JUnitReportReporter -->
<testsuite skipped="0" hostname="LAPTOP-9VARVRGA" name="democodes.Login_page_Testcase" tests="3" failures="0" timestamp="2021-08-02T22:46:18 IST" time="41.970" errors="0">
  <testcase name="Verify_login" time="23.434" classname="democodes.Login_page_Testcase"/>
  <system-out/>
  <testcase name="verify_Title" time="9.495" classname="democodes.Login_page_Testcase"/>
  <system-out/>
  <testcase name="verify_forgetpassword_link" time="9.041" classname="democodes.Login_page_Testcase"/>
  <system-out/>
</testsuite> <!-- democodes.Login_page_Testcase -->
