<?xml version="1.0" encoding="UTF-8"?>
<!-- Generated by org.testng.reporters.JUnitReportReporter -->
<testsuite skipped="0" hostname="LAPTOP-9VARVRGA" name="democodes.Forgetpasswordpage_Test" tests="2" failures="0" timestamp="2021-08-02T22:46:18 IST" time="31.316" errors="0">
  <testcase name="verify_Forgetpassword_Test" time="15.699" classname="democodes.Forgetpasswordpage_Test"/>
  <system-out/>
  <testcase name="verify_cancel" time="15.617" classname="democodes.Forgetpasswordpage_Test"/>
  <system-out/>
</testsuite> <!-- democodes.Forgetpasswordpage_Test -->
