<?xml version="1.0" encoding="UTF-8" ?>
<testsuite tests="2" failures="0" name="democodes.Forgetpasswordpage_Test" time="3.953" errors="0" skipped="0">
  <properties>
    <property name="PROCESSOR_ARCHITECTURE" value="AMD64"/>
    <property name="file.encoding.pkg" value="sun.io"/>
    <property name="DASHLANE_DLL_DIR" value="C:\Users\HOME\AppData\Roaming\Dashlane\6.1913.0.19264\bin\Firefox_Extension\{442718d9-475e-452a-b3e1-fb1ee16b8e9f}\components;C:\Users\HOME\AppData\Roaming\Dashlane\6.1913.0.19264\ucrt;C:\Users\HOME\AppData\Roaming\Dashlane\6.1913.0.19264\bin\Qt;C:\Users\HOME\AppData\Roaming\Dashlane\6.1913.0.19264\bin\Ssl"/>
    <property name="LOGONSERVER" value="\\LAPTOP-9VARVRGA"/>
    <property name="ProgramData" value="C:\ProgramData"/>
    <property name="java.home" value="C:\Program Files\Java\jdk1.8.0_171\jre"/>
    <property name="NODE_NAME" value="master"/>
    <property name="JENKINS_URL" value="http://localhost:8080/"/>
    <property name="ALLUSERSPROFILE" value="C:\ProgramData"/>
    <property name="java.endorsed.dirs" value="C:\Program Files\Java\jdk1.8.0_171\jre\lib\endorsed"/>
    <property name="PSModulePath" value="C:\Program Files\WindowsPowerShell\Modules;C:\WINDOWS\system32\WindowsPowerShell\v1.0\Modules"/>
    <property name="=::" value="::\"/>
    <property name="USERDOMAIN" value="LAPTOP-9VARVRGA"/>
    <property name="sun.os.patch.level" value=""/>
    <property name="java.vendor.url" value="http://java.oracle.com/"/>
    <property name="CommonProgramFiles(x86)" value="C:\Program Files (x86)\Common Files"/>
    <property name="java.version" value="1.8.0_171"/>
    <property name="JOB_NAME" value="orangeHRM"/>
    <property name="COMPUTERNAME" value="LAPTOP-9VARVRGA"/>
    <property name="ANDROID_HOME" value="C:\Users\HOME\AppData\Local\Android\sdk"/>
    <property name="java.vendor.url.bug" value="http://bugreport.sun.com/bugreport/"/>
    <property name="PUBLIC" value="C:\Users\Public"/>
    <property name="user.name" value="HOME"/>
    <property name="sun.io.unicode.encoding" value="UnicodeLittle"/>
    <property name="sun.jnu.encoding" value="Cp1252"/>
    <property name="java.runtime.name" value="Java(TM) SE Runtime Environment"/>
    <property name="windir" value="C:\WINDOWS"/>
    <property name="PROCESSOR_IDENTIFIER" value="Intel64 Family 6 Model 78 Stepping 3, GenuineIntel"/>
    <property name="GOOGLE_API_KEY" value="no"/>
    <property name="java.specification.name" value="Java Platform API Specification"/>
    <property name="LOCALAPPDATA" value="C:\Users\HOME\AppData\Local"/>
    <property name="RUN_CHANGES_DISPLAY_URL" value="http://localhost:8080/job/orangeHRM/10/display/redirect?page=changes"/>
    <property name="user.timezone" value="Asia/Calcutta"/>
    <property name="user.script" value=""/>
    <property name="path.separator" value=";"/>
    <property name="NUMBER_OF_PROCESSORS" value="4"/>
    <property name="BUILD_TAG" value="jenkins-orangeHRM-10"/>
    <property name="file.encoding" value="Cp1252"/>
    <property name="sun.java.command" value="jenkins.maven3.agent.Maven35Main C:\Users\HOME\.jenkins\tools\hudson.tasks.Maven_MavenInstallation\test C:\Users\HOME\.jenkins\war\WEB-INF\lib\remoting-4.7.jar C:\Users\HOME\.jenkins\plugins\maven-plugin\WEB-INF\lib\maven35-interceptor-1.13.jar C:\Users\HOME\.jenkins\plugins\maven-plugin\WEB-INF\lib\maven3-interceptor-commons-1.13.jar 1026"/>
    <property name="HUDSON_URL" value="http://localhost:8080/"/>
    <property name="JENKINS_SERVER_COOKIE" value="08303b9eaeb0a899"/>
    <property name="EXECUTOR_NUMBER" value="0"/>
    <property name="Path" value="C:\Program Files\Java\jdk1.8.0_171/bin;C:\Program Files (x86)\Common Files\Oracle\Java\javapath;C:\Users\HOME\AppData\Local\Android\sdk\platform-tools;C:\Users\HOME\AppData\Local\Android\sdk\tools;C:\Users\HOME\AppData\Local\Android\sdk\tools\bin;C:\Program Files (x86)\Android\New folder\android-sdk-windows-1.6_r1\platform-tools;C:\Program Files\Java\jdk1.8.0_144\bin;C:\WINDOWS\system32;C:\WINDOWS;C:\WINDOWS\System32\Wbem;C:\WINDOWS\System32\WindowsPowerShell\v1.0\;C:\WINDOWS\System32\OpenSSH\;C:\Program Files\Git\cmd;C:\Program Files\nodejs\;C:\Program Files\Docker\Docker\resources\bin;C:\ProgramData\DockerDesktop\version-bin;C:\xammp\php;C:\ProgramData\ComposerSetup\bin;C:\Users\HOME\AppData\Local\Programs\Python\Python37-32\Scripts\;C:\Users\HOME\AppData\Local\Programs\Python\Python37-32\;C:\Users\HOME\AppData\Local\Microsoft\WindowsApps;%DASHLANE_DLL_DIR%;C:\Users\HOME\AppData\Local\Programs\Microsoft VS Code\bin;C:\Users\HOME\AppData\Roaming\npm;C:\Users\HOME\AppData\Roaming\Composer\vendor\bin;"/>
    <property name="java.io.tmpdir" value="C:\Users\HOME\AppData\Local\Temp\"/>
    <property name="APPDATA" value="C:\Users\HOME\AppData\Roaming"/>
    <property name="user.language" value="en"/>
    <property name="line.separator" value="
"/>
    <property name="BUILD_URL" value="http://localhost:8080/job/orangeHRM/10/"/>
    <property name="M2_HOME" value="C:\Users\HOME\.jenkins\tools\hudson.tasks.Maven_MavenInstallation\test"/>
    <property name="=C:" value="C:\Users\HOME\Desktop\Automation_data"/>
    <property name="java.vm.info" value="mixed mode"/>
    <property name="DriverData" value="C:\Windows\System32\Drivers\DriverData"/>
    <property name="sun.desktop" value="windows"/>
    <property name="java.vm.specification.name" value="Java Virtual Machine Specification"/>
    <property name="CI" value="true"/>
    <property name="BUILD_DISPLAY_NAME" value="#10"/>
    <property name="OS" value="Windows_NT"/>
    <property name="guice.disable.misplaced.annotation.check" value="true"/>
    <property name="HUDSON_SERVER_COOKIE" value="08303b9eaeb0a899"/>
    <property name="WORKSPACE_TMP" value="C:\Users\HOME\.jenkins\workspace\orangeHRM@tmp"/>
    <property name="MAVEN_HOME" value="C:\Users\HOME\.jenkins\tools\hudson.tasks.Maven_MavenInstallation\test"/>
    <property name="SESSIONNAME" value="Console"/>
    <property name="PATHEXT" value=".COM;.EXE;.BAT;.CMD;.VBS;.VBE;.JS;.JSE;.WSF;.WSH;.MSC"/>
    <property name="java.awt.printerjob" value="sun.awt.windows.WPrinterJob"/>
    <property name="maven3.interceptor.common" value="C:\Users\HOME\.jenkins\plugins\maven-plugin\WEB-INF\lib\maven3-interceptor-commons-1.13.jar"/>
    <property name="CLASSPATH" value=""/>
    <property name="HOMEPATH" value="\Users\HOME"/>
    <property name="os.name" value="Windows 10"/>
    <property name="ANDROID_SWT" value="C:\Users\HOME\AppData\Local\Android\sdk\tools\lib\x86_64"/>
    <property name="java.specification.vendor" value="Oracle Corporation"/>
    <property name="java.vm.name" value="Java HotSpot(TM) 64-Bit Server VM"/>
    <property name="BUILD_NUMBER" value="10"/>
    <property name="maven3.interceptor" value="C:\Users\HOME\.jenkins\plugins\maven-plugin\WEB-INF\lib\maven35-interceptor-1.13.jar"/>
    <property name="java.library.path" value="C:\Program Files\Java\jdk1.8.0_171\bin;C:\WINDOWS\Sun\Java\bin;C:\WINDOWS\system32;C:\WINDOWS;C:\Users\HOME\.jenkins\tools\hudson.tasks.Maven_MavenInstallation\test/bin;C:\Program Files\Java\jdk1.8.0_171/bin;C:\Program Files\Java\jdk1.8.0_171/bin;C:\Program Files (x86)\Common Files\Oracle\Java\javapath;C:\Users\HOME\AppData\Local\Android\sdk\platform-tools;C:\Users\HOME\AppData\Local\Android\sdk\tools;C:\Users\HOME\AppData\Local\Android\sdk\tools\bin;C:\Program Files (x86)\Android\New folder\android-sdk-windows-1.6_r1\platform-tools;C:\Program Files\Java\jdk1.8.0_144\bin;C:\WINDOWS\system32;C:\WINDOWS;C:\WINDOWS\System32\Wbem;C:\WINDOWS\System32\WindowsPowerShell\v1.0\;C:\WINDOWS\System32\OpenSSH\;C:\Program Files\Git\cmd;C:\Program Files\nodejs\;C:\Program Files\Docker\Docker\resources\bin;C:\ProgramData\DockerDesktop\version-bin;C:\xammp\php;C:\ProgramData\ComposerSetup\bin;C:\Users\HOME\AppData\Local\Programs\Python\Python37-32\Scripts\;C:\Users\HOME\AppData\Local\Programs\Python\Python37-32\;C:\Users\HOME\AppData\Local\Microsoft\WindowsApps;%DASHLANE_DLL_DIR%;C:\Users\HOME\AppData\Local\Programs\Microsoft VS Code\bin;C:\Users\HOME\AppData\Roaming\npm;C:\Users\HOME\AppData\Roaming\Composer\vendor\bin;;."/>
    <property name="HOMEDRIVE" value="C:"/>
    <property name="POM_GROUPID" value="democodes"/>
    <property name="POM_ARTIFACTID" value="democodes"/>
    <property name="java.class.version" value="52.0"/>
    <property name="JOB_URL" value="http://localhost:8080/job/orangeHRM/"/>
    <property name="OneDrive" value="C:\Users\HOME\OneDrive"/>
    <property name="RUN_DISPLAY_URL" value="http://localhost:8080/job/orangeHRM/10/display/redirect"/>
    <property name="JENKINS_HOME" value="C:\Users\HOME\.jenkins"/>
    <property name="BUILD_ID" value="10"/>
    <property name="TEMP" value="C:\Users\HOME\AppData\Local\Temp"/>
    <property name="sun.boot.library.path" value="C:\Program Files\Java\jdk1.8.0_171\jre\bin"/>
    <property name="sun.management.compiler" value="HotSpot 64-Bit Tiered Compilers"/>
    <property name="java.awt.graphicsenv" value="sun.awt.Win32GraphicsEnvironment"/>
    <property name="user.variant" value=""/>
    <property name="PROCESSOR_REVISION" value="4e03"/>
    <property name="POM_VERSION" value="0.0.1-SNAPSHOT"/>
    <property name="configsetroot" value="C:\WINDOWS\ConfigSetRoot"/>
    <property name="HUDSON_HOME" value="C:\Users\HOME\.jenkins"/>
    <property name="ProgramFiles(x86)" value="C:\Program Files (x86)"/>
    <property name="PATH+MAVEN" value="C:\Users\HOME\.jenkins\tools\hudson.tasks.Maven_MavenInstallation\test/bin"/>
    <property name="USERDOMAIN_ROAMINGPROFILE" value="LAPTOP-9VARVRGA"/>
    <property name="RUN_ARTIFACTS_DISPLAY_URL" value="http://localhost:8080/job/orangeHRM/10/display/redirect?page=artifacts"/>
    <property name="PROMPT" value="$P$G"/>
    <property name="java.vm.specification.version" value="1.8"/>
    <property name="awt.toolkit" value="sun.awt.windows.WToolkit"/>
    <property name="NODE_LABELS" value="master"/>
    <property name="sun.cpu.isalist" value="amd64"/>
    <property name="USERPROFILE" value="C:\Users\HOME"/>
    <property name="JOB_DISPLAY_URL" value="http://localhost:8080/job/orangeHRM/display/redirect"/>
    <property name="java.ext.dirs" value="C:\Program Files\Java\jdk1.8.0_171\jre\lib\ext;C:\WINDOWS\Sun\Java\lib\ext"/>
    <property name="os.version" value="10.0"/>
    <property name="user.home" value="C:\Users\HOME"/>
    <property name="USERNAME" value="HOME"/>
    <property name="java.vm.vendor" value="Oracle Corporation"/>
    <property name="PROCESSOR_LEVEL" value="6"/>
    <property name="GOOGLE_DEFAULT_CLIENT_ID" value="no"/>
    <property name="CommonProgramW6432" value="C:\Program Files\Common Files"/>
    <property name="user.dir" value="C:\Users\HOME\Desktop\Automation_codes\democodes"/>
    <property name="maven.conf" value="C:\Users\HOME\.jenkins\tools\hudson.tasks.Maven_MavenInstallation\test\conf"/>
    <property name="ProgramW6432" value="C:\Program Files"/>
    <property name="TMP" value="C:\Users\HOME\AppData\Local\Temp"/>
    <property name="sun.cpu.endian" value="little"/>
    <property name="SystemDrive" value="C:"/>
    <property name="java.vm.version" value="25.171-b11"/>
    <property name="java.class.path" value="C:\Users\HOME\.jenkins\plugins\maven-plugin\WEB-INF\lib\maven35-agent-1.13.jar;C:\Users\HOME\.jenkins\tools\hudson.tasks.Maven_MavenInstallation\test\boot\plexus-classworlds-2.6.0.jar;C:\Users\HOME\.jenkins\tools\hudson.tasks.Maven_MavenInstallation\test/conf/logging"/>
    <property name="org.slf4j.simpleLogger.defaultLogLevel" value="info"/>
    <property name="Java_Home" value="C:\Program Files\Java\jdk1.8.0_171"/>
    <property name="os.arch" value="amd64"/>
    <property name="WORKSPACE" value="C:\Users\HOME\.jenkins\workspace\orangeHRM"/>
    <property name="ComSpec" value="C:\WINDOWS\system32\cmd.exe"/>
    <property name="RUN_TESTS_DISPLAY_URL" value="http://localhost:8080/job/orangeHRM/10/display/redirect?page=tests"/>
    <property name="sun.java.launcher" value="SUN_STANDARD"/>
    <property name="FPS_BROWSER_APP_PROFILE_STRING" value="Internet Explorer"/>
    <property name="SystemRoot" value="C:\WINDOWS"/>
    <property name="CommonProgramFiles" value="C:\Program Files\Common Files"/>
    <property name="ANDRID_SDK_ROOT" value="C:\Program Files (x86)\Android\New folder\android-sdk-windows-1.6_r1\tools"/>
    <property name="java.vm.specification.vendor" value="Oracle Corporation"/>
    <property name="FPS_BROWSER_USER_PROFILE_STRING" value="Default"/>
    <property name="file.separator" value="\"/>
    <property name="java.runtime.version" value="1.8.0_171-b11"/>
    <property name="ProgramFiles" value="C:\Program Files"/>
    <property name="sun.boot.class.path" value="C:\Program Files\Java\jdk1.8.0_171\jre\lib\resources.jar;C:\Program Files\Java\jdk1.8.0_171\jre\lib\rt.jar;C:\Program Files\Java\jdk1.8.0_171\jre\lib\sunrsasign.jar;C:\Program Files\Java\jdk1.8.0_171\jre\lib\jsse.jar;C:\Program Files\Java\jdk1.8.0_171\jre\lib\jce.jar;C:\Program Files\Java\jdk1.8.0_171\jre\lib\charsets.jar;C:\Program Files\Java\jdk1.8.0_171\jre\lib\jfr.jar;C:\Program Files\Java\jdk1.8.0_171\jre\classes"/>
    <property name="PATH+JDK" value="C:\Program Files\Java\jdk1.8.0_171/bin"/>
    <property name="user.country" value="US"/>
    <property name="POM_PACKAGING" value="jar"/>
    <property name="maven.home" value="C:\Users\HOME\.jenkins\tools\hudson.tasks.Maven_MavenInstallation\test"/>
    <property name="JOB_BASE_NAME" value="orangeHRM"/>
    <property name="java.vendor" value="Oracle Corporation"/>
    <property name="GOOGLE_DEFAULT_CLIENT_SECRET" value="no"/>
    <property name="POM_DISPLAYNAME" value="democodes"/>
    <property name="java.specification.version" value="1.8"/>
    <property name="sun.arch.data.model" value="64"/>
  </properties>
  <testcase classname="democodes.Forgetpasswordpage_Test" name="verify_Forgetpassword_Test" time="2.199"/>
  <testcase classname="democodes.Forgetpasswordpage_Test" name="verify_cancel" time="1.754"/>
</testsuite>